<?xml version="1.0" encoding="UTF-8"?>
<testsuite xmlns:xsi="http://www.w3.org/2001/XMLSchema-instance" xsi:noNamespaceSchemaLocation="https://maven.apache.org/surefire/maven-surefire-plugin/xsd/surefire-test-report-3.0.xsd" version="3.0" name="com.compiler.JackAnalyzerTest" time="0.421" tests="17" errors="0" skipped="0" failures="0">
  <properties>
[...]
</properties>
  <testcase name="testJackAnalyzerWithDirectories(String)[1]" classname="com.compiler.JackAnalyzerTest" time="0.07">
    <system-out><![CDATA[Testing directory: ArrayTest
Processed Tokens src/main/resources/ArrayTest/Main.jack -> /home/karan/Project/working/NandToTetris/JackAnalyzer/out/ArrayTest_Out/MainT.xml
Processed src/main/resources/ArrayTest/Main.jack -> /home/karan/Project/working/NandToTetris/JackAnalyzer/out/ArrayTest_Out/Main.xml
/home/karan/Project/working/NandToTetris/JackAnalyzer/out/ArrayTest_Out/Main.xml
]]></system-out>
  </testcase>
  <testcase name="testJackAnalyzerWithDirectories(String)[2]" classname="com.compiler.JackAnalyzerTest" time="0.066">
    <system-out><![CDATA[Testing directory: ExpressionLessSquare
Processed Tokens src/main/resources/ExpressionLessSquare/Main.jack -> /home/karan/Project/working/NandToTetris/JackAnalyzer/out/ExpressionLessSquare_Out/MainT.xml
Processed src/main/resources/ExpressionLessSquare/Main.jack -> /home/karan/Project/working/NandToTetris/JackAnalyzer/out/ExpressionLessSquare_Out/Main.xml
Processed Tokens src/main/resources/ExpressionLessSquare/Square.jack -> /home/karan/Project/working/NandToTetris/JackAnalyzer/out/ExpressionLessSquare_Out/SquareT.xml
Processed src/main/resources/ExpressionLessSquare/Square.jack -> /home/karan/Project/working/NandToTetris/JackAnalyzer/out/ExpressionLessSquare_Out/Square.xml
Processed Tokens src/main/resources/ExpressionLessSquare/SquareGame.jack -> /home/karan/Project/working/NandToTetris/JackAnalyzer/out/ExpressionLessSquare_Out/SquareGameT.xml
Processed src/main/resources/ExpressionLessSquare/SquareGame.jack -> /home/karan/Project/working/NandToTetris/JackAnalyzer/out/ExpressionLessSquare_Out/SquareGame.xml
/home/karan/Project/working/NandToTetris/JackAnalyzer/out/ExpressionLessSquare_Out/Main.xml
/home/karan/Project/working/NandToTetris/JackAnalyzer/out/ExpressionLessSquare_Out/Square.xml
/home/karan/Project/working/NandToTetris/JackAnalyzer/out/ExpressionLessSquare_Out/SquareGame.xml
]]></system-out>
  </testcase>
  <testcase name="testJackAnalyzerWithDirectories(String)[3]" classname="com.compiler.JackAnalyzerTest" time="0.051">
    <system-out><![CDATA[Testing directory: Square
Processed Tokens src/main/resources/Square/Main.jack -> /home/karan/Project/working/NandToTetris/JackAnalyzer/out/Square_Out/MainT.xml
Processed src/main/resources/Square/Main.jack -> /home/karan/Project/working/NandToTetris/JackAnalyzer/out/Square_Out/Main.xml
Processed Tokens src/main/resources/Square/Square.jack -> /home/karan/Project/working/NandToTetris/JackAnalyzer/out/Square_Out/SquareT.xml
Processed src/main/resources/Square/Square.jack -> /home/karan/Project/working/NandToTetris/JackAnalyzer/out/Square_Out/Square.xml
Processed Tokens src/main/resources/Square/SquareGame.jack -> /home/karan/Project/working/NandToTetris/JackAnalyzer/out/Square_Out/SquareGameT.xml
Processed src/main/resources/Square/SquareGame.jack -> /home/karan/Project/working/NandToTetris/JackAnalyzer/out/Square_Out/SquareGame.xml
/home/karan/Project/working/NandToTetris/JackAnalyzer/out/Square_Out/Main.xml
/home/karan/Project/working/NandToTetris/JackAnalyzer/out/Square_Out/Square.xml
/home/karan/Project/working/NandToTetris/JackAnalyzer/out/Square_Out/SquareGame.xml
]]></system-out>
  </testcase>
  <testcase name="testJackAnalyzerTokensWithFiles(String)[1]" classname="com.compiler.JackAnalyzerTest" time="0.007">
    <system-out><![CDATA[Processed Tokens /home/karan/Project/working/NandToTetris/JackAnalyzer/src/main/resources/ArrayTest/Main.jack -> /home/karan/Project/working/NandToTetris/JackAnalyzer/out/MainT.xml
Processed /home/karan/Project/working/NandToTetris/JackAnalyzer/src/main/resources/ArrayTest/Main.jack -> /home/karan/Project/working/NandToTetris/JackAnalyzer/out/Main.xml
]]></system-out>
  </testcase>
  <testcase name="testJackAnalyzerTokensWithFiles(String)[2]" classname="com.compiler.JackAnalyzerTest" time="0.006">
    <system-out><![CDATA[Processed Tokens /home/karan/Project/working/NandToTetris/JackAnalyzer/src/main/resources/ExpressionLessSquare/Main.jack -> /home/karan/Project/working/NandToTetris/JackAnalyzer/out/MainT.xml
Processed /home/karan/Project/working/NandToTetris/JackAnalyzer/src/main/resources/ExpressionLessSquare/Main.jack -> /home/karan/Project/working/NandToTetris/JackAnalyzer/out/Main.xml
]]></system-out>
  </testcase>
  <testcase name="testJackAnalyzerTokensWithFiles(String)[3]" classname="com.compiler.JackAnalyzerTest" time="0.013">
    <system-out><![CDATA[Processed Tokens /home/karan/Project/working/NandToTetris/JackAnalyzer/src/main/resources/ExpressionLessSquare/Square.jack -> /home/karan/Project/working/NandToTetris/JackAnalyzer/out/SquareT.xml
Processed /home/karan/Project/working/NandToTetris/JackAnalyzer/src/main/resources/ExpressionLessSquare/Square.jack -> /home/karan/Project/working/NandToTetris/JackAnalyzer/out/Square.xml
]]></system-out>
  </testcase>
  <testcase name="testJackAnalyzerTokensWithFiles(String)[4]" classname="com.compiler.JackAnalyzerTest" time="0.011">
    <system-out><![CDATA[Processed Tokens /home/karan/Project/working/NandToTetris/JackAnalyzer/src/main/resources/ExpressionLessSquare/SquareGame.jack -> /home/karan/Project/working/NandToTetris/JackAnalyzer/out/SquareGameT.xml
Processed /home/karan/Project/working/NandToTetris/JackAnalyzer/src/main/resources/ExpressionLessSquare/SquareGame.jack -> /home/karan/Project/working/NandToTetris/JackAnalyzer/out/SquareGame.xml
]]></system-out>
  </testcase>
  <testcase name="testJackAnalyzerTokensWithFiles(String)[5]" classname="com.compiler.JackAnalyzerTest" time="0.007">
    <system-out><![CDATA[Processed Tokens /home/karan/Project/working/NandToTetris/JackAnalyzer/src/main/resources/Square/Main.jack -> /home/karan/Project/working/NandToTetris/JackAnalyzer/out/MainT.xml
Processed /home/karan/Project/working/NandToTetris/JackAnalyzer/src/main/resources/Square/Main.jack -> /home/karan/Project/working/NandToTetris/JackAnalyzer/out/Main.xml
]]></system-out>
  </testcase>
  <testcase name="testJackAnalyzerTokensWithFiles(String)[6]" classname="com.compiler.JackAnalyzerTest" time="0.029">
    <system-out><![CDATA[Processed Tokens /home/karan/Project/working/NandToTetris/JackAnalyzer/src/main/resources/Square/Square.jack -> /home/karan/Project/working/NandToTetris/JackAnalyzer/out/SquareT.xml
Processed /home/karan/Project/working/NandToTetris/JackAnalyzer/src/main/resources/Square/Square.jack -> /home/karan/Project/working/NandToTetris/JackAnalyzer/out/Square.xml
]]></system-out>
  </testcase>
  <testcase name="testJackAnalyzerTokensWithFiles(String)[7]" classname="com.compiler.JackAnalyzerTest" time="0.02">
    <system-out><![CDATA[Processed Tokens /home/karan/Project/working/NandToTetris/JackAnalyzer/src/main/resources/Square/SquareGame.jack -> /home/karan/Project/working/NandToTetris/JackAnalyzer/out/SquareGameT.xml
Processed /home/karan/Project/working/NandToTetris/JackAnalyzer/src/main/resources/Square/SquareGame.jack -> /home/karan/Project/working/NandToTetris/JackAnalyzer/out/SquareGame.xml
]]></system-out>
  </testcase>
  <testcase name="testJackAnalyzerWithFiles(String)[1]" classname="com.compiler.JackAnalyzerTest" time="0.01">
    <system-out><![CDATA[Processed Tokens /home/karan/Project/working/NandToTetris/JackAnalyzer/src/main/resources/ArrayTest/Main.jack -> /home/karan/Project/working/NandToTetris/JackAnalyzer/out/MainT.xml
Processed /home/karan/Project/working/NandToTetris/JackAnalyzer/src/main/resources/ArrayTest/Main.jack -> /home/karan/Project/working/NandToTetris/JackAnalyzer/out/Main.xml
]]></system-out>
  </testcase>
  <testcase name="testJackAnalyzerWithFiles(String)[2]" classname="com.compiler.JackAnalyzerTest" time="0.004">
    <system-out><![CDATA[Processed Tokens /home/karan/Project/working/NandToTetris/JackAnalyzer/src/main/resources/ExpressionLessSquare/Main.jack -> /home/karan/Project/working/NandToTetris/JackAnalyzer/out/MainT.xml
Processed /home/karan/Project/working/NandToTetris/JackAnalyzer/src/main/resources/ExpressionLessSquare/Main.jack -> /home/karan/Project/working/NandToTetris/JackAnalyzer/out/Main.xml
]]></system-out>
  </testcase>
  <testcase name="testJackAnalyzerWithFiles(String)[3]" classname="com.compiler.JackAnalyzerTest" time="0.017">
    <system-out><![CDATA[Processed Tokens /home/karan/Project/working/NandToTetris/JackAnalyzer/src/main/resources/ExpressionLessSquare/Square.jack -> /home/karan/Project/working/NandToTetris/JackAnalyzer/out/SquareT.xml
Processed /home/karan/Project/working/NandToTetris/JackAnalyzer/src/main/resources/ExpressionLessSquare/Square.jack -> /home/karan/Project/working/NandToTetris/JackAnalyzer/out/Square.xml
]]></system-out>
  </testcase>
  <testcase name="testJackAnalyzerWithFiles(String)[4]" classname="com.compiler.JackAnalyzerTest" time="0.014">
    <system-out><![CDATA[Processed Tokens /home/karan/Project/working/NandToTetris/JackAnalyzer/src/main/resources/ExpressionLessSquare/SquareGame.jack -> /home/karan/Project/working/NandToTetris/JackAnalyzer/out/SquareGameT.xml
Processed /home/karan/Project/working/NandToTetris/JackAnalyzer/src/main/resources/ExpressionLessSquare/SquareGame.jack -> /home/karan/Project/working/NandToTetris/JackAnalyzer/out/SquareGame.xml
]]></system-out>
  </testcase>
  <testcase name="testJackAnalyzerWithFiles(String)[5]" classname="com.compiler.JackAnalyzerTest" time="0.008">
    <system-out><![CDATA[Processed Tokens /home/karan/Project/working/NandToTetris/JackAnalyzer/src/main/resources/Square/Main.jack -> /home/karan/Project/working/NandToTetris/JackAnalyzer/out/MainT.xml
Processed /home/karan/Project/working/NandToTetris/JackAnalyzer/src/main/resources/Square/Main.jack -> /home/karan/Project/working/NandToTetris/JackAnalyzer/out/Main.xml
]]></system-out>
  </testcase>
  <testcase name="testJackAnalyzerWithFiles(String)[6]" classname="com.compiler.JackAnalyzerTest" time="0.029">
    <system-out><![CDATA[Processed Tokens /home/karan/Project/working/NandToTetris/JackAnalyzer/src/main/resources/Square/Square.jack -> /home/karan/Project/working/NandToTetris/JackAnalyzer/out/SquareT.xml
Processed /home/karan/Project/working/NandToTetris/JackAnalyzer/src/main/resources/Square/Square.jack -> /home/karan/Project/working/NandToTetris/JackAnalyzer/out/Square.xml
]]></system-out>
  </testcase>
  <testcase name="testJackAnalyzerWithFiles(String)[7]" classname="com.compiler.JackAnalyzerTest" time="0.009">
    <system-out><![CDATA[Processed Tokens /home/karan/Project/working/NandToTetris/JackAnalyzer/src/main/resources/Square/SquareGame.jack -> /home/karan/Project/working/NandToTetris/JackAnalyzer/out/SquareGameT.xml
Processed /home/karan/Project/working/NandToTetris/JackAnalyzer/src/main/resources/Square/SquareGame.jack -> /home/karan/Project/working/NandToTetris/JackAnalyzer/out/SquareGame.xml
]]></system-out>
  </testcase>
</testsuite>